state/proof_reviews/r6_supervised_milestone_autocycle_pilot/artifacts/baseline_binding/planning_records/freeze-r6-supervised-milestone-autocycle-pilot-proof-001/accepted/planning-freeze-r6-supervised-milestone-autocycle-pilot-proof-001-task-r6-pilot-001.task.json: Filename too long
state/proof_reviews/r6_supervised_milestone_autocycle_pilot/artifacts/baseline_binding/planning_records/freeze-r6-supervised-milestone-autocycle-pilot-proof-001/accepted/planning-freeze-r6-supervised-milestone-autocycle-pilot-proof-001-task-r6-pilot-002.task.json: Filename too long
state/proof_reviews/r6_supervised_milestone_autocycle_pilot/artifacts/baseline_binding/planning_records/freeze-r6-supervised-milestone-autocycle-pilot-proof-001/accepted/planning-freeze-r6-supervised-milestone-autocycle-pilot-proof-001-task-r6-pilot-003.task.json: Filename too long
state/proof_reviews/r6_supervised_milestone_autocycle_pilot/artifacts/baseline_binding/planning_records/freeze-r6-supervised-milestone-autocycle-pilot-proof-001/accepted/planning-freeze-r6-supervised-milestone-autocycle-pilot-proof-001-task-r6-pilot-004.task.json: Filename too long
state/proof_reviews/r6_supervised_milestone_autocycle_pilot/artifacts/baseline_binding/planning_records/freeze-r6-supervised-milestone-autocycle-pilot-proof-001/accepted/planning-freeze-r6-supervised-milestone-autocycle-pilot-proof-001-task-r6-pilot-005.task.json: Filename too long
state/proof_reviews/r6_supervised_milestone_autocycle_pilot/artifacts/baseline_binding/planning_records/freeze-r6-supervised-milestone-autocycle-pilot-proof-001/accepted/planning-freeze-r6-supervised-milestone-autocycle-pilot-proof-001-task-r6-pilot-006.task.json: Filename too long
state/proof_reviews/r6_supervised_milestone_autocycle_pilot/artifacts/baseline_binding/planning_records/freeze-r6-supervised-milestone-autocycle-pilot-proof-001/planning-freeze-r6-supervised-milestone-autocycle-pilot-proof-001-task-r6-pilot-001.json: Filename too long
state/proof_reviews/r6_supervised_milestone_autocycle_pilot/artifacts/baseline_binding/planning_records/freeze-r6-supervised-milestone-autocycle-pilot-proof-001/planning-freeze-r6-supervised-milestone-autocycle-pilot-proof-001-task-r6-pilot-002.json: Filename too long
state/proof_reviews/r6_supervised_milestone_autocycle_pilot/artifacts/baseline_binding/planning_records/freeze-r6-supervised-milestone-autocycle-pilot-proof-001/planning-freeze-r6-supervised-milestone-autocycle-pilot-proof-001-task-r6-pilot-003.json: Filename too long
state/proof_reviews/r6_supervised_milestone_autocycle_pilot/artifacts/baseline_binding/planning_records/freeze-r6-supervised-milestone-autocycle-pilot-proof-001/planning-freeze-r6-supervised-milestone-autocycle-pilot-proof-001-task-r6-pilot-004.json: Filename too long
state/proof_reviews/r6_supervised_milestone_autocycle_pilot/artifacts/baseline_binding/planning_records/freeze-r6-supervised-milestone-autocycle-pilot-proof-001/planning-freeze-r6-supervised-milestone-autocycle-pilot-proof-001-task-r6-pilot-005.json: Filename too long
state/proof_reviews/r6_supervised_milestone_autocycle_pilot/artifacts/baseline_binding/planning_records/freeze-r6-supervised-milestone-autocycle-pilot-proof-001/planning-freeze-r6-supervised-milestone-autocycle-pilot-proof-001-task-r6-pilot-006.json: Filename too long
state/proof_reviews/r6_supervised_milestone_autocycle_pilot/artifacts/baseline_binding/planning_records/freeze-r6-supervised-milestone-autocycle-pilot-proof-001/working/planning-freeze-r6-supervised-milestone-autocycle-pilot-proof-001-task-r6-pilot-001.task.json: Filename too long
state/proof_reviews/r6_supervised_milestone_autocycle_pilot/artifacts/baseline_binding/planning_records/freeze-r6-supervised-milestone-autocycle-pilot-proof-001/working/planning-freeze-r6-supervised-milestone-autocycle-pilot-proof-001-task-r6-pilot-002.task.json: Filename too long
state/proof_reviews/r6_supervised_milestone_autocycle_pilot/artifacts/baseline_binding/planning_records/freeze-r6-supervised-milestone-autocycle-pilot-proof-001/working/planning-freeze-r6-supervised-milestone-autocycle-pilot-proof-001-task-r6-pilot-003.task.json: Filename too long
state/proof_reviews/r6_supervised_milestone_autocycle_pilot/artifacts/baseline_binding/planning_records/freeze-r6-supervised-milestone-autocycle-pilot-proof-001/working/planning-freeze-r6-supervised-milestone-autocycle-pilot-proof-001-task-r6-pilot-004.task.json: Filename too long
state/proof_reviews/r6_supervised_milestone_autocycle_pilot/artifacts/baseline_binding/planning_records/freeze-r6-supervised-milestone-autocycle-pilot-proof-001/working/planning-freeze-r6-supervised-milestone-autocycle-pilot-proof-001-task-r6-pilot-005.task.json: Filename too long
state/proof_reviews/r6_supervised_milestone_autocycle_pilot/artifacts/baseline_binding/planning_records/freeze-r6-supervised-milestone-autocycle-pilot-proof-001/working/planning-freeze-r6-supervised-milestone-autocycle-pilot-proof-001-task-r6-pilot-006.task.json: Filename too long
warning: in the working copy of 'README.md', LF will be replaced by CRLF the next time Git touches it
warning: in the working copy of 'contracts/milestone_continuity/proof_review_packet.contract.json', LF will be replaced by CRLF the next time Git touches it
warning: in the working copy of 'tests/test_r7_fault_managed_continuity_proof_review.ps1', LF will be replaced by CRLF the next time Git touches it
warning: in the working copy of 'tools/MilestoneContinuityProofReview.psm1', LF will be replaced by CRLF the next time Git touches it
